data/AE2/extracted/action_icons.png
data/AE2/extracted/action_icons.sprite
data/AE2/extracted/alpha.png
data/AE2/extracted/alpha.sprite
data/AE2/extracted/alpha_grid.png
data/AE2/extracted/archer.png
data/AE2/extracted/archer.sprite
data/AE2/extracted/archer_arrow.sprite
data/AE2/extracted/archer_arrow_00.png
data/AE2/extracted/archer_arrow_01.png
data/AE2/extracted/arrow.png
data/AE2/extracted/arrow.sprite
data/AE2/extracted/arrow_icons.png
data/AE2/extracted/arrow_icons.sprite
data/AE2/extracted/b_smoke.png
data/AE2/extracted/b_smoke.sprite
data/AE2/extracted/battle_bad.mid
data/AE2/extracted/battle_good.mid
data/AE2/extracted/bg_bad.mid
data/AE2/extracted/bg_good.mid
data/AE2/extracted/bg_story.mid
data/AE2/extracted/big_circle.sprite
data/AE2/extracted/big_circle_00.png
data/AE2/extracted/big_circle_01.png
data/AE2/extracted/bridge.png
data/AE2/extracted/bridge.sprite
data/AE2/extracted/bridge_bg.png
data/AE2/extracted/buildings.png
data/AE2/extracted/buildings.sprite
data/AE2/extracted/buttons.png
data/AE2/extracted/buttons.sprite
data/AE2/extracted/catapult.png
data/AE2/extracted/catapult.sprite
data/AE2/extracted/chars.png
data/AE2/extracted/chars.sprite
data/AE2/extracted/crater.png
data/AE2/extracted/crater.sprite
data/AE2/extracted/cursor.sprite
data/AE2/extracted/cursor_00.png
data/AE2/extracted/cursor_01.png
data/AE2/extracted/cursor_02.png
data/AE2/extracted/cursor_03.png
data/AE2/extracted/cursor_04.png
data/AE2/extracted/cursor_05.png
data/AE2/extracted/fish.sprite
data/AE2/extracted/fish_00.png
data/AE2/extracted/fish_01.png
data/AE2/extracted/game_complete.mid
data/AE2/extracted/gameover.mid
data/AE2/extracted/gameover.png
data/AE2/extracted/glow.png
data/AE2/extracted/golem.png
data/AE2/extracted/golem.sprite
data/AE2/extracted/grass.png
data/AE2/extracted/grass.sprite
data/AE2/extracted/hill_bg.png
data/AE2/extracted/hud_icons.png
data/AE2/extracted/hud_icons.sprite
data/AE2/extracted/hud_icons_2.png
data/AE2/extracted/hud_icons_2.sprite
data/AE2/extracted/intro0.png
data/AE2/extracted/intro1.png
data/AE2/extracted/intro2.png
data/AE2/extracted/intro3.png
data/AE2/extracted/intro4.png
data/AE2/extracted/intro5.png
data/AE2/extracted/king.sprite
data/AE2/extracted/king_00.png
data/AE2/extracted/king_01.png
data/AE2/extracted/king_02.png
data/AE2/extracted/king_head_icons.png
data/AE2/extracted/king_head_icons.sprite
data/AE2/extracted/king_heads.png
data/AE2/extracted/king_heads.sprite
data/AE2/extracted/king_heads_back.png
data/AE2/extracted/king_heads_back.sprite
data/AE2/extracted/kingslash.png
data/AE2/extracted/kingslash.sprite
data/AE2/extracted/kingwave.png
data/AE2/extracted/kingwave.sprite
data/AE2/extracted/lchars.png
data/AE2/extracted/lchars.sprite
data/AE2/extracted/levelup.png
data/AE2/extracted/levelup.sprite
data/AE2/extracted/lizard.png
data/AE2/extracted/lizard.sprite
data/AE2/extracted/logo.png
data/AE2/extracted/m0
data/AE2/extracted/m1
data/AE2/extracted/m2
data/AE2/extracted/m3
data/AE2/extracted/m4
data/AE2/extracted/m5
data/AE2/extracted/m6
data/AE2/extracted/m7
data/AE2/extracted/macrospace.png
data/AE2/extracted/main_theme.mid
data/AE2/extracted/menu.png
data/AE2/extracted/menu.sprite
data/AE2/extracted/menu_icons.png
data/AE2/extracted/menu_icons.sprite
data/AE2/extracted/mini_icons.png
data/AE2/extracted/mini_icons.sprite
data/AE2/extracted/mountain.png
data/AE2/extracted/mountain.sprite
data/AE2/extracted/mountain_bg.png
data/AE2/extracted/mountain_bg.sprite
data/AE2/extracted/ms_logo.png
data/AE2/extracted/portraits.png
data/AE2/extracted/portraits.sprite
data/AE2/extracted/redspark.png
data/AE2/extracted/redspark.sprite
data/AE2/extracted/road.png
data/AE2/extracted/road.sprite
data/AE2/extracted/s0
data/AE2/extracted/s1
data/AE2/extracted/s10
data/AE2/extracted/s11
data/AE2/extracted/s2
data/AE2/extracted/s3
data/AE2/extracted/s4
data/AE2/extracted/s5
data/AE2/extracted/s6
data/AE2/extracted/s7
data/AE2/extracted/s8
data/AE2/extracted/s9
data/AE2/extracted/side_arrow.png
data/AE2/extracted/side_arrow.sprite
data/AE2/extracted/skeleton.sprite
data/AE2/extracted/skeleton_00.png
data/AE2/extracted/skeleton_01.png
data/AE2/extracted/skeleton_02.png
data/AE2/extracted/skeleton_03.png
data/AE2/extracted/skeleton_04.png
data/AE2/extracted/skeleton_05.png
data/AE2/extracted/skeleton_06.png
data/AE2/extracted/slash.png
data/AE2/extracted/slash.sprite
data/AE2/extracted/small_circle.png
data/AE2/extracted/small_circle.sprite
data/AE2/extracted/small_spark.png
data/AE2/extracted/small_spark.sprite
data/AE2/extracted/smoke.png
data/AE2/extracted/smoke.sprite
data/AE2/extracted/soldier.png
data/AE2/extracted/soldier.sprite
data/AE2/extracted/spark.png
data/AE2/extracted/spark.sprite
data/AE2/extracted/spell.png
data/AE2/extracted/spell.sprite
data/AE2/extracted/spider.png
data/AE2/extracted/spider.sprite
data/AE2/extracted/splash.png
data/AE2/extracted/status.png
data/AE2/extracted/status.sprite
data/AE2/extracted/stiles0.sprite
data/AE2/extracted/stiles0_00.png
data/AE2/extracted/stiles0_01.png
data/AE2/extracted/stiles0_02.png
data/AE2/extracted/stiles0_03.png
data/AE2/extracted/stiles0_04.png
data/AE2/extracted/stiles0_05.png
data/AE2/extracted/stiles0_06.png
data/AE2/extracted/stiles0_07.png
data/AE2/extracted/stiles0_08.png
data/AE2/extracted/stiles0_09.png
data/AE2/extracted/stiles0_10.png
data/AE2/extracted/stiles0_11.png
data/AE2/extracted/stiles0_12.png
data/AE2/extracted/stiles0_13.png
data/AE2/extracted/stiles0_14.png
data/AE2/extracted/stiles0_15.png
data/AE2/extracted/stiles0_16.png
data/AE2/extracted/stiles0_17.png
data/AE2/extracted/tiles0.prop
data/AE2/extracted/tiles0.sprite
data/AE2/extracted/tiles0_00.png
data/AE2/extracted/tiles0_01.png
data/AE2/extracted/tiles0_02.png
data/AE2/extracted/tiles0_03.png
data/AE2/extracted/tiles0_04.png
data/AE2/extracted/tiles0_05.png
data/AE2/extracted/tiles0_06.png
data/AE2/extracted/tiles0_07.png
data/AE2/extracted/tiles0_08.png
data/AE2/extracted/tiles0_09.png
data/AE2/extracted/tiles0_10.png
data/AE2/extracted/tiles0_11.png
data/AE2/extracted/tiles0_12.png
data/AE2/extracted/tiles0_13.png
data/AE2/extracted/tiles0_14.png
data/AE2/extracted/tiles0_15.png
data/AE2/extracted/tiles0_16.png
data/AE2/extracted/tiles0_17.png
data/AE2/extracted/tiles0_18.png
data/AE2/extracted/tiles0_19.png
data/AE2/extracted/tiles0_20.png
data/AE2/extracted/tiles0_21.png
data/AE2/extracted/tiles0_22.png
data/AE2/extracted/tiles0_23.png
data/AE2/extracted/tiles0_24.png
data/AE2/extracted/tiles0_25.png
data/AE2/extracted/tiles0_26.png
data/AE2/extracted/tiles0_27.png
data/AE2/extracted/tiles0_28.png
data/AE2/extracted/tiles0_29.png
data/AE2/extracted/tiles0_30.png
data/AE2/extracted/tiles0_31.png
data/AE2/extracted/tiles0_32.png
data/AE2/extracted/tiles0_33.png
data/AE2/extracted/tiles0_34.png
data/AE2/extracted/tiles0_35.png
data/AE2/extracted/tiles0_36.png
data/AE2/extracted/tombstone.png
data/AE2/extracted/town.png
data/AE2/extracted/town.sprite
data/AE2/extracted/town_bg.png
data/AE2/extracted/unit_icons.png
data/AE2/extracted/unit_icons.sprite
data/AE2/extracted/unit_icons_s.png
data/AE2/extracted/units.bin
data/AE2/extracted/victory.mid
data/AE2/extracted/water.png
data/AE2/extracted/water.sprite
data/AE2/extracted/watermagic.png
data/AE2/extracted/watermagic.sprite
data/AE2/extracted/wisp.png
data/AE2/extracted/wisp.sprite
data/AE2/extracted/wizard.sprite
data/AE2/extracted/wizard_00.png
data/AE2/extracted/wizard_01.png
data/AE2/extracted/wizard_02.png
data/AE2/extracted/woods_bg.png
data/AE2/extracted/wyvern.sprite
data/AE2/extracted/wyvern_00.png
data/AE2/extracted/wyvern_01.png
data/AE2/extracted/wyvern_02.png
