data/AE1/extracted/a0
data/AE1/extracted/a1
data/AE1/extracted/a2
data/AE1/extracted/a3
data/AE1/extracted/archer.png
data/AE1/extracted/archer.sprite
data/AE1/extracted/arrow.sprite
data/AE1/extracted/arrow_00.png
data/AE1/extracted/arrow_01.png
data/AE1/extracted/bg_theme.mid
data/AE1/extracted/bridge.sprite
data/AE1/extracted/bridge_00.png
data/AE1/extracted/bridge_01.png
data/AE1/extracted/bridge_02.png
data/AE1/extracted/bridge_bg.png
data/AE1/extracted/buildings.png
data/AE1/extracted/buttons.sprite
data/AE1/extracted/buttons_00.png
data/AE1/extracted/buttons_01.png
data/AE1/extracted/buttons_02.png
data/AE1/extracted/b_smoke.png
data/AE1/extracted/b_smoke.sprite
data/AE1/extracted/catapult.png
data/AE1/extracted/catapult.sprite
data/AE1/extracted/chars.png
data/AE1/extracted/chars.sprite
data/AE1/extracted/cursor.sprite
data/AE1/extracted/cursor_00.png
data/AE1/extracted/cursor_01.png
data/AE1/extracted/cursor_02.png
data/AE1/extracted/cursor_03.png
data/AE1/extracted/cursor_04.png
data/AE1/extracted/defencepanel.png
data/AE1/extracted/fireball.png
data/AE1/extracted/fireball.sprite
data/AE1/extracted/fireball_.png
data/AE1/extracted/fire_catapult.mid
data/AE1/extracted/fire_king.mid
data/AE1/extracted/fire_projectile.mid
data/AE1/extracted/fire_wisp.mid
data/AE1/extracted/fire_wyvern.mid
data/AE1/extracted/gold.png
data/AE1/extracted/golem.png
data/AE1/extracted/golem.sprite
data/AE1/extracted/grass.sprite
data/AE1/extracted/grass_00.png
data/AE1/extracted/grass_01.png
data/AE1/extracted/grass_02.png
data/AE1/extracted/hill_bg.png
data/AE1/extracted/hit_enemy.mid
data/AE1/extracted/king.png
data/AE1/extracted/king.sprite
data/AE1/extracted/kingslash.png
data/AE1/extracted/kingslash.sprite
data/AE1/extracted/kingswing.png
data/AE1/extracted/kingswing.sprite
data/AE1/extracted/knight.sprite
data/AE1/extracted/lchars.png
data/AE1/extracted/lchars.sprite
data/AE1/extracted/level_up.mid
data/AE1/extracted/lizard.png
data/AE1/extracted/lizard.sprite
data/AE1/extracted/loose.mid
data/AE1/extracted/m0
data/AE1/extracted/m1
data/AE1/extracted/m2
data/AE1/extracted/m3
data/AE1/extracted/m4
data/AE1/extracted/m5
data/AE1/extracted/m6
data/AE1/extracted/macrospace.png
data/AE1/extracted/main_theme.mid
data/AE1/extracted/mask.png
data/AE1/extracted/menu.mid
data/AE1/extracted/menu.sprite
data/AE1/extracted/menu_00.png
data/AE1/extracted/menu_01.png
data/AE1/extracted/menu_02.png
data/AE1/extracted/menu_03.png
data/AE1/extracted/menu_04.png
data/AE1/extracted/menu_05.png
data/AE1/extracted/menu_06.png
data/AE1/extracted/menu_07.png
data/AE1/extracted/mountain.sprite
data/AE1/extracted/mountain_00.png
data/AE1/extracted/mountain_01.png
data/AE1/extracted/mountain_02.png
data/AE1/extracted/mountain_bg.png
data/AE1/extracted/moving.mid
data/AE1/extracted/ms_logo.png
data/AE1/extracted/occupied.mid
data/AE1/extracted/pointer.png
data/AE1/extracted/portrait.png
data/AE1/extracted/portrait.sprite
data/AE1/extracted/redspark.png
data/AE1/extracted/redspark.sprite
data/AE1/extracted/road.sprite
data/AE1/extracted/road_00.png
data/AE1/extracted/road_01.png
data/AE1/extracted/road_02.png
data/AE1/extracted/s0
data/AE1/extracted/s1
data/AE1/extracted/skeleton.png
data/AE1/extracted/skeleton.sprite
data/AE1/extracted/slash.png
data/AE1/extracted/slash.sprite
data/AE1/extracted/smoke.png
data/AE1/extracted/smoke.sprite
data/AE1/extracted/soldier.png
data/AE1/extracted/soldier.sprite
data/AE1/extracted/soul.png
data/AE1/extracted/soul.sprite
data/AE1/extracted/spark.png
data/AE1/extracted/spark.sprite
data/AE1/extracted/spider.png
data/AE1/extracted/spider.sprite
data/AE1/extracted/spiderspit.sprite
data/AE1/extracted/spiderspit_00.png
data/AE1/extracted/spiderspit_01.png
data/AE1/extracted/splash.png
data/AE1/extracted/splashbg.png
data/AE1/extracted/splashfg.png
data/AE1/extracted/status.png
data/AE1/extracted/status.sprite
data/AE1/extracted/stiles0.sprite
data/AE1/extracted/stiles0_00.png
data/AE1/extracted/stiles0_01.png
data/AE1/extracted/stiles0_02.png
data/AE1/extracted/stiles0_03.png
data/AE1/extracted/stiles0_04.png
data/AE1/extracted/stiles0_05.png
data/AE1/extracted/stiles0_06.png
data/AE1/extracted/stiles0_07.png
data/AE1/extracted/stiles0_08.png
data/AE1/extracted/stiles0_09.png
data/AE1/extracted/stiles0_10.png
data/AE1/extracted/stiles0_11.png
data/AE1/extracted/stiles0_12.png
data/AE1/extracted/stone.sprite
data/AE1/extracted/stone_00.png
data/AE1/extracted/tiles0.prop
data/AE1/extracted/tiles0.sprite
data/AE1/extracted/tiles0_00.png
data/AE1/extracted/tiles0_01.png
data/AE1/extracted/tiles0_02.png
data/AE1/extracted/tiles0_03.png
data/AE1/extracted/tiles0_04.png
data/AE1/extracted/tiles0_05.png
data/AE1/extracted/tiles0_06.png
data/AE1/extracted/tiles0_07.png
data/AE1/extracted/tiles0_08.png
data/AE1/extracted/tiles0_09.png
data/AE1/extracted/tiles0_10.png
data/AE1/extracted/tiles0_11.png
data/AE1/extracted/tiles0_12.png
data/AE1/extracted/tiles0_13.png
data/AE1/extracted/tiles0_14.png
data/AE1/extracted/tiles0_15.png
data/AE1/extracted/tiles0_16.png
data/AE1/extracted/tiles0_17.png
data/AE1/extracted/tiles0_18.png
data/AE1/extracted/tiles0_19.png
data/AE1/extracted/tiles0_20.png
data/AE1/extracted/tiles0_21.png
data/AE1/extracted/tiles0_22.png
data/AE1/extracted/tombstone.png
data/AE1/extracted/town.sprite
data/AE1/extracted/town_00.png
data/AE1/extracted/town_01.png
data/AE1/extracted/town_02.png
data/AE1/extracted/town_bg.png
data/AE1/extracted/unit_icons.png
data/AE1/extracted/unit_icons_s.png
data/AE1/extracted/unit_selected.mid
data/AE1/extracted/water.sprite
data/AE1/extracted/water_00.png
data/AE1/extracted/water_01.png
data/AE1/extracted/water_02.png
data/AE1/extracted/water_bg.png
data/AE1/extracted/win_battle.mid
data/AE1/extracted/wisp.png
data/AE1/extracted/wisp.sprite
data/AE1/extracted/wizard.png
data/AE1/extracted/wizard.sprite
data/AE1/extracted/woods_bg.png
data/AE1/extracted/wyvern.png
data/AE1/extracted/wyvern.sprite
